# JRE version: OpenJDK Runtime Environment (17.0.10) (build 17.0.10+0--11572160)
# Java VM: OpenJDK 64-Bit Server VM (17.0.10+0--11572160, mixed mode, tiered, compressed oops, compressed class ptrs, g1 gc, windows-amd64)
GC Precious Log:
 CPUs: 8 total, 8 available
 Memory: 16258M
 Large Page Support: Disabled
 NUMA Support: Disabled
 Compressed Oops: Enabled (Zero based)
 Heap Region Size: 2M
 Heap Min Capacity: 8M
 Heap Initial Capacity: 256M
 Heap Max Capacity: 4066M
 Pre-touch: Disabled
 Parallel Workers: 8
 Concurrent Workers: 2
 Concurrent Refinement Workers: 8
 Periodic GC: Disabled
Heap:
 garbage-first heap   total 458752K, used 222393K [0x0000000701e00000, 0x0000000800000000)
  region size 2048K, 52 young (106496K), 7 survivors (14336K)
 Metaspace       used 98667K, committed 98944K, reserved 1179648K
  class space    used 10575K, committed 10688K, reserved 1048576K
GC Heap History (20 events):
Event: 16.092 GC heap before
{Heap before GC invocations=21 (full 0):
 garbage-first heap   total 186368K, used 144146K [0x0000000701e00000, 0x0000000800000000)
  region size 2048K, 30 young (61440K), 5 survivors (10240K)
 Metaspace       used 71957K, committed 72256K, reserved 1114112K
  class space    used 8290K, committed 8448K, reserved 1048576K
}
Event: 16.111 GC heap after
{Heap after GC invocations=22 (full 0):
 garbage-first heap   total 186368K, used 98748K [0x0000000701e00000, 0x0000000800000000)
  region size 2048K, 3 young (6144K), 3 survivors (6144K)
 Metaspace       used 71957K, committed 72256K, reserved 1114112K
  class space    used 8290K, committed 8448K, reserved 1048576K
}
Event: 17.369 GC heap before
{Heap before GC invocations=23 (full 0):
 garbage-first heap   total 186368K, used 147900K [0x0000000701e00000, 0x0000000800000000)
  region size 2048K, 27 young (55296K), 3 survivors (6144K)
 Metaspace       used 72680K, committed 72960K, reserved 1114112K
  class space    used 8336K, committed 8512K, reserved 1048576K
}
Event: 17.381 GC heap after
{Heap after GC invocations=24 (full 0):
 garbage-first heap   total 186368K, used 102198K [0x0000000701e00000, 0x0000000800000000)
  region size 2048K, 2 young (4096K), 2 survivors (4096K)
 Metaspace       used 72680K, committed 72960K, reserved 1114112K
  class space    used 8336K, committed 8512K, reserved 1048576K
}
Event: 17.430 GC heap before
{Heap before GC invocations=24 (full 0):
 garbage-first heap   total 186368K, used 106294K [0x0000000701e00000, 0x0000000800000000)
  region size 2048K, 4 young (8192K), 2 survivors (4096K)
 Metaspace       used 72741K, committed 73024K, reserved 1114112K
  class space    used 8339K, committed 8512K, reserved 1048576K
}
Event: 17.443 GC heap after
{Heap after GC invocations=25 (full 0):
 garbage-first heap   total 225280K, used 101944K [0x0000000701e00000, 0x0000000800000000)
  region size 2048K, 1 young (2048K), 1 survivors (2048K)
 Metaspace       used 72741K, committed 73024K, reserved 1114112K
  class space    used 8339K, committed 8512K, reserved 1048576K
}
Event: 19.270 GC heap before
{Heap before GC invocations=25 (full 0):
 garbage-first heap   total 225280K, used 177720K [0x0000000701e00000, 0x0000000800000000)
  region size 2048K, 38 young (77824K), 1 survivors (2048K)
 Metaspace       used 79296K, committed 79616K, reserved 1179648K
  class space    used 8938K, committed 9088K, reserved 1048576K
}
Event: 19.281 GC heap after
{Heap after GC invocations=26 (full 0):
 garbage-first heap   total 225280K, used 108438K [0x0000000701e00000, 0x0000000800000000)
  region size 2048K, 4 young (8192K), 4 survivors (8192K)
 Metaspace       used 79296K, committed 79616K, reserved 1179648K
  class space    used 8938K, committed 9088K, reserved 1048576K
}
Event: 20.653 GC heap before
{Heap before GC invocations=27 (full 0):
 garbage-first heap   total 225280K, used 178070K [0x0000000701e00000, 0x0000000800000000)
  region size 2048K, 38 young (77824K), 4 survivors (8192K)
 Metaspace       used 83744K, committed 84096K, reserved 1179648K
  class space    used 9375K, committed 9536K, reserved 1048576K
}
Event: 20.671 GC heap after
{Heap after GC invocations=28 (full 0):
 garbage-first heap   total 225280K, used 117848K [0x0000000701e00000, 0x0000000800000000)
  region size 2048K, 5 young (10240K), 5 survivors (10240K)
 Metaspace       used 83744K, committed 84096K, reserved 1179648K
  class space    used 9375K, committed 9536K, reserved 1048576K
}
Event: 20.720 GC heap before
{Heap before GC invocations=28 (full 0):
 garbage-first heap   total 225280K, used 119896K [0x0000000701e00000, 0x0000000800000000)
  region size 2048K, 6 young (12288K), 5 survivors (10240K)
 Metaspace       used 84261K, committed 84608K, reserved 1179648K
  class space    used 9434K, committed 9600K, reserved 1048576K
}
Event: 20.731 GC heap after
{Heap after GC invocations=29 (full 0):
 garbage-first heap   total 225280K, used 119039K [0x0000000701e00000, 0x0000000800000000)
  region size 2048K, 1 young (2048K), 1 survivors (2048K)
 Metaspace       used 84261K, committed 84608K, reserved 1179648K
  class space    used 9434K, committed 9600K, reserved 1048576K
}
Event: 22.062 GC heap before
{Heap before GC invocations=29 (full 0):
 garbage-first heap   total 225280K, used 180479K [0x0000000701e00000, 0x0000000800000000)
  region size 2048K, 31 young (63488K), 1 survivors (2048K)
 Metaspace       used 90588K, committed 90880K, reserved 1179648K
  class space    used 10040K, committed 10176K, reserved 1048576K
}
Event: 22.070 GC heap after
{Heap after GC invocations=30 (full 0):
 garbage-first heap   total 225280K, used 122946K [0x0000000701e00000, 0x0000000800000000)
  region size 2048K, 3 young (6144K), 3 survivors (6144K)
 Metaspace       used 90588K, committed 90880K, reserved 1179648K
  class space    used 10040K, committed 10176K, reserved 1048576K
}
Event: 22.620 GC heap before
{Heap before GC invocations=31 (full 0):
 garbage-first heap   total 229376K, used 176194K [0x0000000701e00000, 0x0000000800000000)
  region size 2048K, 30 young (61440K), 3 survivors (6144K)
 Metaspace       used 91072K, committed 91392K, reserved 1179648K
  class space    used 10057K, committed 10240K, reserved 1048576K
}
Event: 22.629 GC heap after
{Heap after GC invocations=32 (full 0):
 garbage-first heap   total 229376K, used 123381K [0x0000000701e00000, 0x0000000800000000)
  region size 2048K, 2 young (4096K), 2 survivors (4096K)
 Metaspace       used 91072K, committed 91392K, reserved 1179648K
  class space    used 10057K, committed 10240K, reserved 1048576K
}
Event: 22.686 GC heap before
{Heap before GC invocations=32 (full 0):
 garbage-first heap   total 229376K, used 129525K [0x0000000701e00000, 0x0000000800000000)
  region size 2048K, 5 young (10240K), 2 survivors (4096K)
 Metaspace       used 91167K, committed 91520K, reserved 1179648K
  class space    used 10067K, committed 10240K, reserved 1048576K
}
Event: 22.693 GC heap after
{Heap after GC invocations=33 (full 0):
 garbage-first heap   total 458752K, used 120400K [0x0000000701e00000, 0x0000000800000000)
  region size 2048K, 1 young (2048K), 1 survivors (2048K)
 Metaspace       used 91167K, committed 91520K, reserved 1179648K
  class space    used 10067K, committed 10240K, reserved 1048576K
}
Event: 25.450 GC heap before
{Heap before GC invocations=33 (full 0):
 garbage-first heap   total 458752K, used 331344K [0x0000000701e00000, 0x0000000800000000)
  region size 2048K, 104 young (212992K), 1 survivors (2048K)
 Metaspace       used 97967K, committed 98304K, reserved 1179648K
  class space    used 10552K, committed 10688K, reserved 1048576K
}
Event: 25.463 GC heap after
{Heap after GC invocations=34 (full 0):
 garbage-first heap   total 458752K, used 132281K [0x0000000701e00000, 0x0000000800000000)
  region size 2048K, 7 young (14336K), 7 survivors (14336K)
 Metaspace       used 97967K, committed 98304K, reserved 1179648K
  class space    used 10552K, committed 10688K, reserved 1048576K
}

